<?xml version="1.0" encoding="UTF-8"?>
<testsuite name="com.tokkah.kin.CryptoTest" tests="7" skipped="0" failures="0" errors="0" timestamp="2026-09-01T03:20:28.535Z" hostname="Deveshs-MacBook-Air.local" time="0.227">
  <properties/>
  <testcase name="safetyCodeMatches" classname="com.tokkah.kin.CryptoTest" time="0.136"/>
  <testcase name="adoptPeerSemantics" classname="com.tokkah.kin.CryptoTest" time="0.018"/>
  <testcase name="tamperedPacketFailsOpen" classname="com.tokkah.kin.CryptoTest" time="0.017"/>
  <testcase name="openSwiftPackets" classname="com.tokkah.kin.CryptoTest" time="0.025"/>
  <testcase name="sealMatchesSwiftPacketsByteExact" classname="com.tokkah.kin.CryptoTest" time="0.016"/>
  <testcase name="publicKeysMatchCryptoKit" classname="com.tokkah.kin.CryptoTest" time="0.01"/>
  <testcase name="hkdfMatches" classname="com.tokkah.kin.CryptoTest" time="0.002"/>
  <system-out><![CDATA[]]></system-out>
  <system-err><![CDATA[]]></system-err>
</testsuite>
