<?xml version="1.0" encoding="UTF-8"?>
<testsuite name="com.tokkah.kin.LpcTest" tests="3" skipped="0" failures="0" errors="0" timestamp="2026-09-01T04:48:13.907Z" hostname="Deveshs-MacBook-Air.local" time="0.006">
  <properties/>
  <testcase name="encodeMatchesSwiftByteExact" classname="com.tokkah.kin.LpcTest" time="0.003"/>
  <testcase name="corruptPacketFailsNotCrashes" classname="com.tokkah.kin.LpcTest" time="0.001"/>
  <testcase name="decodeSwiftBytesSampleExact" classname="com.tokkah.kin.LpcTest" time="0.002"/>
  <system-out><![CDATA[]]></system-out>
  <system-err><![CDATA[]]></system-err>
</testsuite>
