<?xml version="1.0" encoding="UTF-8"?>
<testsuite name="com.tokkah.kin.CryptoTest" tests="7" skipped="0" failures="0" errors="0" timestamp="2026-09-01T03:11:00.385Z" hostname="Deveshs-MacBook-Air.local" time="0.173">
  <properties/>
  <testcase name="safetyCodeMatches" classname="com.tokkah.kin.CryptoTest" time="0.079"/>
  <testcase name="adoptPeerSemantics" classname="com.tokkah.kin.CryptoTest" time="0.048"/>
  <testcase name="tamperedPacketFailsOpen" classname="com.tokkah.kin.CryptoTest" time="0.012"/>
  <testcase name="openSwiftPackets" classname="com.tokkah.kin.CryptoTest" time="0.015"/>
  <testcase name="sealMatchesSwiftPacketsByteExact" classname="com.tokkah.kin.CryptoTest" time="0.012"/>
  <testcase name="publicKeysMatchCryptoKit" classname="com.tokkah.kin.CryptoTest" time="0.007"/>
  <testcase name="hkdfMatches" classname="com.tokkah.kin.CryptoTest" time="0.0"/>
  <system-out><![CDATA[]]></system-out>
  <system-err><![CDATA[]]></system-err>
</testsuite>
